<?xml version="1.0" encoding="UTF-8"?>
<!-- Generated by org.testng.reporters.JUnitReportReporter -->
<testsuite hostname="LenovoG50" name="testCases.CreateAccount" tests="1" failures="0" timestamp="16 Jul 2020 15:32:06 GMT" time="15.971" errors="0">
  <testcase name="addProductToCart" time="15.971" classname="testCases.CreateAccount"/>
</testsuite> <!-- testCases.CreateAccount -->
