<?xml version="1.0" encoding="UTF-8"?>
<!-- Generated by org.testng.reporters.JUnitReportReporter -->
<testsuite hostname="LenovoG50" name="testCases.MyStoreHome" tests="1" failures="0" timestamp="15 Jul 2020 15:22:14 GMT" time="14.241" errors="0">
  <testcase name="createAccount" time="14.241" classname="testCases.MyStoreHome"/>
</testsuite> <!-- testCases.MyStoreHome -->
